TN:
SF:src/pe103/mastercard.ts
FN:8,(anonymous_0)
FN:15,(anonymous_1)
FN:23,(anonymous_2)
FNF:3
FNH:3
FNDA:1,(anonymous_0)
FNDA:1,(anonymous_1)
FNDA:1,(anonymous_2)
DA:6,1
DA:7,1
DA:16,1
DA:24,1
LF:4
LH:4
BRF:0
BRH:0
end_of_record
TN:
SF:src/pe103/pago.ts
FN:4,(anonymous_0)
FN:5,(anonymous_1)
FNF:2
FNH:2
FNDA:3,(anonymous_0)
FNDA:3,(anonymous_1)
DA:3,1
DA:4,3
DA:6,3
DA:7,3
DA:8,3
LF:5
LH:5
BRF:0
BRH:0
end_of_record
TN:
SF:src/pe103/paypal.ts
FN:5,(anonymous_0)
FN:12,(anonymous_1)
FN:20,(anonymous_2)
FNF:3
FNH:3
FNDA:1,(anonymous_0)
FNDA:1,(anonymous_1)
FNDA:1,(anonymous_2)
DA:3,1
DA:4,1
DA:13,1
DA:21,1
LF:4
LH:4
BRF:0
BRH:0
end_of_record
TN:
SF:src/pe103/visa.ts
FN:5,(anonymous_0)
FN:12,(anonymous_1)
FN:20,(anonymous_2)
FNF:3
FNH:3
FNDA:1,(anonymous_0)
FNDA:1,(anonymous_1)
FNDA:1,(anonymous_2)
DA:3,1
DA:4,1
DA:13,1
DA:21,1
LF:4
LH:4
BRF:0
BRH:0
end_of_record
